Terminals which are not used

   RESERVED


Grammar

    0 $accept: Program $end

    1 Program: PACKAGE ID SEMICOLON Declarations

    2 Declarations: /* empty */
    3             | DeclarationsAux

    4 DeclarationsAux: DeclarationsAux VarDeclaration SEMICOLON
    5                | DeclarationsAux FuncDeclaration SEMICOLON
    6                | VarDeclaration SEMICOLON
    7                | FuncDeclaration SEMICOLON

    8 VarDeclaration: VAR VarSpec
    9               | VAR LPAR VarSpec SEMICOLON RPAR

   10 VarSpec: IdAux Type
   11        | IdAux VarSpecAux Type

   12 VarSpecAux: VarSpecAux COMMA IdAux
   13           | COMMA IdAux

   14 Type: INT
   15     | FLOAT32
   16     | BOOL
   17     | STRING

   18 FuncDeclaration: FUNC IdAux LPAR RPAR FuncBody
   19                | FUNC IdAux LPAR Parameters RPAR Type FuncBody
   20                | FUNC IdAux LPAR Parameters RPAR FuncBody
   21                | FUNC IdAux LPAR RPAR Type FuncBody

   22 Parameters: ParametersAux

   23 ParametersAux: ParametersAux COMMA IdAux Type
   24              | IdAux Type

   25 FuncBody: LBRACE VarsAndStatements RBRACE

   26 VarsAndStatements: VarsAndStatements SEMICOLON
   27                  | VarsAndStatements VarDeclaration SEMICOLON
   28                  | VarsAndStatements Statement SEMICOLON
   29                  | /* empty */

   30 Statement: IdAux ASSIGN Expr
   31          | LBRACE StatementSEMICOLON RBRACE
   32          | IF Expr LBRACE RBRACE
   33          | IF Expr LBRACE StatementSEMICOLON RBRACE
   34          | IF Expr LBRACE RBRACE ELSE LBRACE RBRACE
   35          | IF Expr LBRACE RBRACE ELSE LBRACE StatementSEMICOLON RBRACE
   36          | IF Expr LBRACE StatementSEMICOLON RBRACE ELSE LBRACE RBRACE
   37          | IF Expr LBRACE StatementSEMICOLON RBRACE ELSE LBRACE StatementSEMICOLON RBRACE
   38          | FOR LBRACE RBRACE
   39          | FOR Expr LBRACE RBRACE
   40          | FOR Expr LBRACE StatementSEMICOLON RBRACE
   41          | FOR LBRACE StatementSEMICOLON RBRACE
   42          | RETURN
   43          | RETURN Expr
   44          | FuncInvocation
   45          | ParseArgs
   46          | PRINT LPAR StatementExprSTRLIT RPAR
   47          | error

   48 StatementSEMICOLON: StatementSEMICOLON Statement SEMICOLON
   49                   | Statement SEMICOLON

   50 StatementExprSTRLIT: Expr
   51                    | STRLIT

   52 ParseArgs: IdAux COMMA BLANKID ASSIGN PARSEINT LPAR CMDARGS LSQ Expr RSQ RPAR
   53          | IdAux COMMA BLANKID ASSIGN PARSEINT LPAR error RPAR

   54 FuncInvocation: IdAux LPAR error RPAR
   55               | IdAux LPAR RPAR
   56               | IdAux LPAR Expr RPAR
   57               | IdAux LPAR Expr FuncInvocationAux RPAR

   58 FuncInvocationAux: FuncInvocationAux COMMA Expr
   59                  | COMMA Expr

   60 IdAux: ID

   61 Expr: INTLIT
   62     | REALLIT
   63     | IdAux
   64     | FuncInvocation
   65     | LPAR Expr RPAR
   66     | NOT Expr
   67     | MINUS Expr
   68     | PLUS Expr
   69     | Expr OR Expr
   70     | Expr AND Expr
   71     | Expr LT Expr
   72     | Expr GT Expr
   73     | Expr EQ Expr
   74     | Expr NE Expr
   75     | Expr LE Expr
   76     | Expr GE Expr
   77     | Expr PLUS Expr
   78     | Expr MINUS Expr
   79     | Expr STAR Expr
   80     | Expr DIV Expr
   81     | Expr MOD Expr
   82     | LPAR error RPAR


Terminals, with rules where they appear

$end (0) 0
error (256) 47 53 54 82
SEMICOLON (258) 1 4 5 6 7 9 26 27 28 48 49
BLANKID (259) 52 53
PACKAGE (260) 1
RETURN (261) 42 43
AND (262) 70
ASSIGN (263) 30 52 53
STAR (264) 79
COMMA (265) 12 13 23 52 53 58 59
DIV (266) 80
EQ (267) 73
GE (268) 76
GT (269) 72
LBRACE (270) 25 31 32 33 34 35 36 37 38 39 40 41
LE (271) 75
LPAR (272) 9 18 19 20 21 46 52 53 54 55 56 57 65 82
LSQ (273) 52
LT (274) 71
MINUS (275) 67 78
MOD (276) 81
NE (277) 74
NOT (278) 66
OR (279) 69
PLUS (280) 68 77
RBRACE (281) 25 31 32 33 34 35 36 37 38 39 40 41
RPAR (282) 9 18 19 20 21 46 52 53 54 55 56 57 65 82
RSQ (283) 52
ELSE (284) 34 35 36 37
FOR (285) 38 39 40 41
IF (286) 32 33 34 35 36 37
VAR (287) 8 9
INT (288) 14
FLOAT32 (289) 15
BOOL (290) 16
STRING (291) 17
PARSEINT (292) 52 53
FUNC (293) 18 19 20 21
CMDARGS (294) 52
PRINT (295) 46
RESERVED (296)
INTLIT (297) 61
REALLIT (298) 62
STRLIT (299) 51
ID (300) 1 60


Nonterminals, with rules where they appear

$accept (46)
    on left: 0
Program (47)
    on left: 1, on right: 0
Declarations (48)
    on left: 2 3, on right: 1
DeclarationsAux (49)
    on left: 4 5 6 7, on right: 3 4 5
VarDeclaration (50)
    on left: 8 9, on right: 4 6 27
VarSpec (51)
    on left: 10 11, on right: 8 9
VarSpecAux (52)
    on left: 12 13, on right: 11 12
Type (53)
    on left: 14 15 16 17, on right: 10 11 19 21 23 24
FuncDeclaration (54)
    on left: 18 19 20 21, on right: 5 7
Parameters (55)
    on left: 22, on right: 19 20
ParametersAux (56)
    on left: 23 24, on right: 22 23
FuncBody (57)
    on left: 25, on right: 18 19 20 21
VarsAndStatements (58)
    on left: 26 27 28 29, on right: 25 26 27 28
Statement (59)
    on left: 30 31 32 33 34 35 36 37 38 39 40 41 42 43 44 45 46 47
   , on right: 28 48 49
StatementSEMICOLON (60)
    on left: 48 49, on right: 31 33 35 36 37 40 41 48
StatementExprSTRLIT (61)
    on left: 50 51, on right: 46
ParseArgs (62)
    on left: 52 53, on right: 45
FuncInvocation (63)
    on left: 54 55 56 57, on right: 44 64
FuncInvocationAux (64)
    on left: 58 59, on right: 57 58
IdAux (65)
    on left: 60, on right: 10 11 12 13 18 19 20 21 23 24 30 52 53 54
    55 56 57 63
Expr (66)
    on left: 61 62 63 64 65 66 67 68 69 70 71 72 73 74 75 76 77 78
    79 80 81 82, on right: 30 32 33 34 35 36 37 39 40 43 50 52 56 57
    58 59 65 66 67 68 69 70 71 72 73 74 75 76 77 78 79 80 81


state 0

    0 $accept: . Program $end

    PACKAGE  shift, and go to state 1

    Program  go to state 2


state 1

    1 Program: PACKAGE . ID SEMICOLON Declarations

    ID  shift, and go to state 3


state 2

    0 $accept: Program . $end

    $end  shift, and go to state 4


state 3

    1 Program: PACKAGE ID . SEMICOLON Declarations

    SEMICOLON  shift, and go to state 5


state 4

    0 $accept: Program $end .

    $default  accept


state 5

    1 Program: PACKAGE ID SEMICOLON . Declarations

    VAR   shift, and go to state 6
    FUNC  shift, and go to state 7

    $default  reduce using rule 2 (Declarations)

    Declarations     go to state 8
    DeclarationsAux  go to state 9
    VarDeclaration   go to state 10
    FuncDeclaration  go to state 11


state 6

    8 VarDeclaration: VAR . VarSpec
    9               | VAR . LPAR VarSpec SEMICOLON RPAR

    LPAR  shift, and go to state 12
    ID    shift, and go to state 13

    VarSpec  go to state 14
    IdAux    go to state 15


state 7

   18 FuncDeclaration: FUNC . IdAux LPAR RPAR FuncBody
   19                | FUNC . IdAux LPAR Parameters RPAR Type FuncBody
   20                | FUNC . IdAux LPAR Parameters RPAR FuncBody
   21                | FUNC . IdAux LPAR RPAR Type FuncBody

    ID  shift, and go to state 13

    IdAux  go to state 16


state 8

    1 Program: PACKAGE ID SEMICOLON Declarations .

    $default  reduce using rule 1 (Program)


state 9

    3 Declarations: DeclarationsAux .
    4 DeclarationsAux: DeclarationsAux . VarDeclaration SEMICOLON
    5                | DeclarationsAux . FuncDeclaration SEMICOLON

    VAR   shift, and go to state 6
    FUNC  shift, and go to state 7

    $default  reduce using rule 3 (Declarations)

    VarDeclaration   go to state 17
    FuncDeclaration  go to state 18


state 10

    6 DeclarationsAux: VarDeclaration . SEMICOLON

    SEMICOLON  shift, and go to state 19


state 11

    7 DeclarationsAux: FuncDeclaration . SEMICOLON

    SEMICOLON  shift, and go to state 20


state 12

    9 VarDeclaration: VAR LPAR . VarSpec SEMICOLON RPAR

    ID  shift, and go to state 13

    VarSpec  go to state 21
    IdAux    go to state 15


state 13

   60 IdAux: ID .

    $default  reduce using rule 60 (IdAux)


state 14

    8 VarDeclaration: VAR VarSpec .

    $default  reduce using rule 8 (VarDeclaration)


state 15

   10 VarSpec: IdAux . Type
   11        | IdAux . VarSpecAux Type

    COMMA    shift, and go to state 22
    INT      shift, and go to state 23
    FLOAT32  shift, and go to state 24
    BOOL     shift, and go to state 25
    STRING   shift, and go to state 26

    VarSpecAux  go to state 27
    Type        go to state 28


state 16

   18 FuncDeclaration: FUNC IdAux . LPAR RPAR FuncBody
   19                | FUNC IdAux . LPAR Parameters RPAR Type FuncBody
   20                | FUNC IdAux . LPAR Parameters RPAR FuncBody
   21                | FUNC IdAux . LPAR RPAR Type FuncBody

    LPAR  shift, and go to state 29


state 17

    4 DeclarationsAux: DeclarationsAux VarDeclaration . SEMICOLON

    SEMICOLON  shift, and go to state 30


state 18

    5 DeclarationsAux: DeclarationsAux FuncDeclaration . SEMICOLON

    SEMICOLON  shift, and go to state 31


state 19

    6 DeclarationsAux: VarDeclaration SEMICOLON .

    $default  reduce using rule 6 (DeclarationsAux)


state 20

    7 DeclarationsAux: FuncDeclaration SEMICOLON .

    $default  reduce using rule 7 (DeclarationsAux)


state 21

    9 VarDeclaration: VAR LPAR VarSpec . SEMICOLON RPAR

    SEMICOLON  shift, and go to state 32


state 22

   13 VarSpecAux: COMMA . IdAux

    ID  shift, and go to state 13

    IdAux  go to state 33


state 23

   14 Type: INT .

    $default  reduce using rule 14 (Type)


state 24

   15 Type: FLOAT32 .

    $default  reduce using rule 15 (Type)


state 25

   16 Type: BOOL .

    $default  reduce using rule 16 (Type)


state 26

   17 Type: STRING .

    $default  reduce using rule 17 (Type)


state 27

   11 VarSpec: IdAux VarSpecAux . Type
   12 VarSpecAux: VarSpecAux . COMMA IdAux

    COMMA    shift, and go to state 34
    INT      shift, and go to state 23
    FLOAT32  shift, and go to state 24
    BOOL     shift, and go to state 25
    STRING   shift, and go to state 26

    Type  go to state 35


state 28

   10 VarSpec: IdAux Type .

    $default  reduce using rule 10 (VarSpec)


state 29

   18 FuncDeclaration: FUNC IdAux LPAR . RPAR FuncBody
   19                | FUNC IdAux LPAR . Parameters RPAR Type FuncBody
   20                | FUNC IdAux LPAR . Parameters RPAR FuncBody
   21                | FUNC IdAux LPAR . RPAR Type FuncBody

    RPAR  shift, and go to state 36
    ID    shift, and go to state 13

    Parameters     go to state 37
    ParametersAux  go to state 38
    IdAux          go to state 39


state 30

    4 DeclarationsAux: DeclarationsAux VarDeclaration SEMICOLON .

    $default  reduce using rule 4 (DeclarationsAux)


state 31

    5 DeclarationsAux: DeclarationsAux FuncDeclaration SEMICOLON .

    $default  reduce using rule 5 (DeclarationsAux)


state 32

    9 VarDeclaration: VAR LPAR VarSpec SEMICOLON . RPAR

    RPAR  shift, and go to state 40


state 33

   13 VarSpecAux: COMMA IdAux .

    $default  reduce using rule 13 (VarSpecAux)


state 34

   12 VarSpecAux: VarSpecAux COMMA . IdAux

    ID  shift, and go to state 13

    IdAux  go to state 41


state 35

   11 VarSpec: IdAux VarSpecAux Type .

    $default  reduce using rule 11 (VarSpec)


state 36

   18 FuncDeclaration: FUNC IdAux LPAR RPAR . FuncBody
   21                | FUNC IdAux LPAR RPAR . Type FuncBody

    LBRACE   shift, and go to state 42
    INT      shift, and go to state 23
    FLOAT32  shift, and go to state 24
    BOOL     shift, and go to state 25
    STRING   shift, and go to state 26

    Type      go to state 43
    FuncBody  go to state 44


state 37

   19 FuncDeclaration: FUNC IdAux LPAR Parameters . RPAR Type FuncBody
   20                | FUNC IdAux LPAR Parameters . RPAR FuncBody

    RPAR  shift, and go to state 45


state 38

   22 Parameters: ParametersAux .
   23 ParametersAux: ParametersAux . COMMA IdAux Type

    COMMA  shift, and go to state 46

    $default  reduce using rule 22 (Parameters)


state 39

   24 ParametersAux: IdAux . Type

    INT      shift, and go to state 23
    FLOAT32  shift, and go to state 24
    BOOL     shift, and go to state 25
    STRING   shift, and go to state 26

    Type  go to state 47


state 40

    9 VarDeclaration: VAR LPAR VarSpec SEMICOLON RPAR .

    $default  reduce using rule 9 (VarDeclaration)


state 41

   12 VarSpecAux: VarSpecAux COMMA IdAux .

    $default  reduce using rule 12 (VarSpecAux)


state 42

   25 FuncBody: LBRACE . VarsAndStatements RBRACE

    $default  reduce using rule 29 (VarsAndStatements)

    VarsAndStatements  go to state 48


state 43

   21 FuncDeclaration: FUNC IdAux LPAR RPAR Type . FuncBody

    LBRACE  shift, and go to state 42

    FuncBody  go to state 49


state 44

   18 FuncDeclaration: FUNC IdAux LPAR RPAR FuncBody .

    $default  reduce using rule 18 (FuncDeclaration)


state 45

   19 FuncDeclaration: FUNC IdAux LPAR Parameters RPAR . Type FuncBody
   20                | FUNC IdAux LPAR Parameters RPAR . FuncBody

    LBRACE   shift, and go to state 42
    INT      shift, and go to state 23
    FLOAT32  shift, and go to state 24
    BOOL     shift, and go to state 25
    STRING   shift, and go to state 26

    Type      go to state 50
    FuncBody  go to state 51


state 46

   23 ParametersAux: ParametersAux COMMA . IdAux Type

    ID  shift, and go to state 13

    IdAux  go to state 52


state 47

   24 ParametersAux: IdAux Type .

    $default  reduce using rule 24 (ParametersAux)


state 48

   25 FuncBody: LBRACE VarsAndStatements . RBRACE
   26 VarsAndStatements: VarsAndStatements . SEMICOLON
   27                  | VarsAndStatements . VarDeclaration SEMICOLON
   28                  | VarsAndStatements . Statement SEMICOLON

    error      shift, and go to state 53
    SEMICOLON  shift, and go to state 54
    RETURN     shift, and go to state 55
    LBRACE     shift, and go to state 56
    RBRACE     shift, and go to state 57
    FOR        shift, and go to state 58
    IF         shift, and go to state 59
    VAR        shift, and go to state 6
    PRINT      shift, and go to state 60
    ID         shift, and go to state 13

    VarDeclaration  go to state 61
    Statement       go to state 62
    ParseArgs       go to state 63
    FuncInvocation  go to state 64
    IdAux           go to state 65


state 49

   21 FuncDeclaration: FUNC IdAux LPAR RPAR Type FuncBody .

    $default  reduce using rule 21 (FuncDeclaration)


state 50

   19 FuncDeclaration: FUNC IdAux LPAR Parameters RPAR Type . FuncBody

    LBRACE  shift, and go to state 42

    FuncBody  go to state 66


state 51

   20 FuncDeclaration: FUNC IdAux LPAR Parameters RPAR FuncBody .

    $default  reduce using rule 20 (FuncDeclaration)


state 52

   23 ParametersAux: ParametersAux COMMA IdAux . Type

    INT      shift, and go to state 23
    FLOAT32  shift, and go to state 24
    BOOL     shift, and go to state 25
    STRING   shift, and go to state 26

    Type  go to state 67


state 53

   47 Statement: error .

    $default  reduce using rule 47 (Statement)


state 54

   26 VarsAndStatements: VarsAndStatements SEMICOLON .

    $default  reduce using rule 26 (VarsAndStatements)


state 55

   42 Statement: RETURN .
   43          | RETURN . Expr

    LPAR     shift, and go to state 68
    MINUS    shift, and go to state 69
    NOT      shift, and go to state 70
    PLUS     shift, and go to state 71
    INTLIT   shift, and go to state 72
    REALLIT  shift, and go to state 73
    ID       shift, and go to state 13

    $default  reduce using rule 42 (Statement)

    FuncInvocation  go to state 74
    IdAux           go to state 75
    Expr            go to state 76


state 56

   31 Statement: LBRACE . StatementSEMICOLON RBRACE

    error   shift, and go to state 53
    RETURN  shift, and go to state 55
    LBRACE  shift, and go to state 56
    FOR     shift, and go to state 58
    IF      shift, and go to state 59
    PRINT   shift, and go to state 60
    ID      shift, and go to state 13

    Statement           go to state 77
    StatementSEMICOLON  go to state 78
    ParseArgs           go to state 63
    FuncInvocation      go to state 64
    IdAux               go to state 65


state 57

   25 FuncBody: LBRACE VarsAndStatements RBRACE .

    $default  reduce using rule 25 (FuncBody)


state 58

   38 Statement: FOR . LBRACE RBRACE
   39          | FOR . Expr LBRACE RBRACE
   40          | FOR . Expr LBRACE StatementSEMICOLON RBRACE
   41          | FOR . LBRACE StatementSEMICOLON RBRACE

    LBRACE   shift, and go to state 79
    LPAR     shift, and go to state 68
    MINUS    shift, and go to state 69
    NOT      shift, and go to state 70
    PLUS     shift, and go to state 71
    INTLIT   shift, and go to state 72
    REALLIT  shift, and go to state 73
    ID       shift, and go to state 13

    FuncInvocation  go to state 74
    IdAux           go to state 75
    Expr            go to state 80


state 59

   32 Statement: IF . Expr LBRACE RBRACE
   33          | IF . Expr LBRACE StatementSEMICOLON RBRACE
   34          | IF . Expr LBRACE RBRACE ELSE LBRACE RBRACE
   35          | IF . Expr LBRACE RBRACE ELSE LBRACE StatementSEMICOLON RBRACE
   36          | IF . Expr LBRACE StatementSEMICOLON RBRACE ELSE LBRACE RBRACE
   37          | IF . Expr LBRACE StatementSEMICOLON RBRACE ELSE LBRACE StatementSEMICOLON RBRACE

    LPAR     shift, and go to state 68
    MINUS    shift, and go to state 69
    NOT      shift, and go to state 70
    PLUS     shift, and go to state 71
    INTLIT   shift, and go to state 72
    REALLIT  shift, and go to state 73
    ID       shift, and go to state 13

    FuncInvocation  go to state 74
    IdAux           go to state 75
    Expr            go to state 81


state 60

   46 Statement: PRINT . LPAR StatementExprSTRLIT RPAR

    LPAR  shift, and go to state 82


state 61

   27 VarsAndStatements: VarsAndStatements VarDeclaration . SEMICOLON

    SEMICOLON  shift, and go to state 83


state 62

   28 VarsAndStatements: VarsAndStatements Statement . SEMICOLON

    SEMICOLON  shift, and go to state 84


state 63

   45 Statement: ParseArgs .

    $default  reduce using rule 45 (Statement)


state 64

   44 Statement: FuncInvocation .

    $default  reduce using rule 44 (Statement)


state 65

   30 Statement: IdAux . ASSIGN Expr
   52 ParseArgs: IdAux . COMMA BLANKID ASSIGN PARSEINT LPAR CMDARGS LSQ Expr RSQ RPAR
   53          | IdAux . COMMA BLANKID ASSIGN PARSEINT LPAR error RPAR
   54 FuncInvocation: IdAux . LPAR error RPAR
   55               | IdAux . LPAR RPAR
   56               | IdAux . LPAR Expr RPAR
   57               | IdAux . LPAR Expr FuncInvocationAux RPAR

    ASSIGN  shift, and go to state 85
    COMMA   shift, and go to state 86
    LPAR    shift, and go to state 87


state 66

   19 FuncDeclaration: FUNC IdAux LPAR Parameters RPAR Type FuncBody .

    $default  reduce using rule 19 (FuncDeclaration)


state 67

   23 ParametersAux: ParametersAux COMMA IdAux Type .

    $default  reduce using rule 23 (ParametersAux)


state 68

   65 Expr: LPAR . Expr RPAR
   82     | LPAR . error RPAR

    error    shift, and go to state 88
    LPAR     shift, and go to state 68
    MINUS    shift, and go to state 69
    NOT      shift, and go to state 70
    PLUS     shift, and go to state 71
    INTLIT   shift, and go to state 72
    REALLIT  shift, and go to state 73
    ID       shift, and go to state 13

    FuncInvocation  go to state 74
    IdAux           go to state 75
    Expr            go to state 89


state 69

   67 Expr: MINUS . Expr

    LPAR     shift, and go to state 68
    MINUS    shift, and go to state 69
    NOT      shift, and go to state 70
    PLUS     shift, and go to state 71
    INTLIT   shift, and go to state 72
    REALLIT  shift, and go to state 73
    ID       shift, and go to state 13

    FuncInvocation  go to state 74
    IdAux           go to state 75
    Expr            go to state 90


state 70

   66 Expr: NOT . Expr

    LPAR     shift, and go to state 68
    MINUS    shift, and go to state 69
    NOT      shift, and go to state 70
    PLUS     shift, and go to state 71
    INTLIT   shift, and go to state 72
    REALLIT  shift, and go to state 73
    ID       shift, and go to state 13

    FuncInvocation  go to state 74
    IdAux           go to state 75
    Expr            go to state 91


state 71

   68 Expr: PLUS . Expr

    LPAR     shift, and go to state 68
    MINUS    shift, and go to state 69
    NOT      shift, and go to state 70
    PLUS     shift, and go to state 71
    INTLIT   shift, and go to state 72
    REALLIT  shift, and go to state 73
    ID       shift, and go to state 13

    FuncInvocation  go to state 74
    IdAux           go to state 75
    Expr            go to state 92


state 72

   61 Expr: INTLIT .

    $default  reduce using rule 61 (Expr)


state 73

   62 Expr: REALLIT .

    $default  reduce using rule 62 (Expr)


state 74

   64 Expr: FuncInvocation .

    $default  reduce using rule 64 (Expr)


state 75

   54 FuncInvocation: IdAux . LPAR error RPAR
   55               | IdAux . LPAR RPAR
   56               | IdAux . LPAR Expr RPAR
   57               | IdAux . LPAR Expr FuncInvocationAux RPAR
   63 Expr: IdAux .

    LPAR  shift, and go to state 87

    $default  reduce using rule 63 (Expr)


state 76

   43 Statement: RETURN Expr .
   69 Expr: Expr . OR Expr
   70     | Expr . AND Expr
   71     | Expr . LT Expr
   72     | Expr . GT Expr
   73     | Expr . EQ Expr
   74     | Expr . NE Expr
   75     | Expr . LE Expr
   76     | Expr . GE Expr
   77     | Expr . PLUS Expr
   78     | Expr . MINUS Expr
   79     | Expr . STAR Expr
   80     | Expr . DIV Expr
   81     | Expr . MOD Expr

    AND    shift, and go to state 93
    STAR   shift, and go to state 94
    DIV    shift, and go to state 95
    EQ     shift, and go to state 96
    GE     shift, and go to state 97
    GT     shift, and go to state 98
    LE     shift, and go to state 99
    LT     shift, and go to state 100
    MINUS  shift, and go to state 101
    MOD    shift, and go to state 102
    NE     shift, and go to state 103
    OR     shift, and go to state 104
    PLUS   shift, and go to state 105

    $default  reduce using rule 43 (Statement)


state 77

   49 StatementSEMICOLON: Statement . SEMICOLON

    SEMICOLON  shift, and go to state 106


state 78

   31 Statement: LBRACE StatementSEMICOLON . RBRACE
   48 StatementSEMICOLON: StatementSEMICOLON . Statement SEMICOLON

    error   shift, and go to state 53
    RETURN  shift, and go to state 55
    LBRACE  shift, and go to state 56
    RBRACE  shift, and go to state 107
    FOR     shift, and go to state 58
    IF      shift, and go to state 59
    PRINT   shift, and go to state 60
    ID      shift, and go to state 13

    Statement       go to state 108
    ParseArgs       go to state 63
    FuncInvocation  go to state 64
    IdAux           go to state 65


state 79

   38 Statement: FOR LBRACE . RBRACE
   41          | FOR LBRACE . StatementSEMICOLON RBRACE

    error   shift, and go to state 53
    RETURN  shift, and go to state 55
    LBRACE  shift, and go to state 56
    RBRACE  shift, and go to state 109
    FOR     shift, and go to state 58
    IF      shift, and go to state 59
    PRINT   shift, and go to state 60
    ID      shift, and go to state 13

    Statement           go to state 77
    StatementSEMICOLON  go to state 110
    ParseArgs           go to state 63
    FuncInvocation      go to state 64
    IdAux               go to state 65


state 80

   39 Statement: FOR Expr . LBRACE RBRACE
   40          | FOR Expr . LBRACE StatementSEMICOLON RBRACE
   69 Expr: Expr . OR Expr
   70     | Expr . AND Expr
   71     | Expr . LT Expr
   72     | Expr . GT Expr
   73     | Expr . EQ Expr
   74     | Expr . NE Expr
   75     | Expr . LE Expr
   76     | Expr . GE Expr
   77     | Expr . PLUS Expr
   78     | Expr . MINUS Expr
   79     | Expr . STAR Expr
   80     | Expr . DIV Expr
   81     | Expr . MOD Expr

    AND     shift, and go to state 93
    STAR    shift, and go to state 94
    DIV     shift, and go to state 95
    EQ      shift, and go to state 96
    GE      shift, and go to state 97
    GT      shift, and go to state 98
    LBRACE  shift, and go to state 111
    LE      shift, and go to state 99
    LT      shift, and go to state 100
    MINUS   shift, and go to state 101
    MOD     shift, and go to state 102
    NE      shift, and go to state 103
    OR      shift, and go to state 104
    PLUS    shift, and go to state 105


state 81

   32 Statement: IF Expr . LBRACE RBRACE
   33          | IF Expr . LBRACE StatementSEMICOLON RBRACE
   34          | IF Expr . LBRACE RBRACE ELSE LBRACE RBRACE
   35          | IF Expr . LBRACE RBRACE ELSE LBRACE StatementSEMICOLON RBRACE
   36          | IF Expr . LBRACE StatementSEMICOLON RBRACE ELSE LBRACE RBRACE
   37          | IF Expr . LBRACE StatementSEMICOLON RBRACE ELSE LBRACE StatementSEMICOLON RBRACE
   69 Expr: Expr . OR Expr
   70     | Expr . AND Expr
   71     | Expr . LT Expr
   72     | Expr . GT Expr
   73     | Expr . EQ Expr
   74     | Expr . NE Expr
   75     | Expr . LE Expr
   76     | Expr . GE Expr
   77     | Expr . PLUS Expr
   78     | Expr . MINUS Expr
   79     | Expr . STAR Expr
   80     | Expr . DIV Expr
   81     | Expr . MOD Expr

    AND     shift, and go to state 93
    STAR    shift, and go to state 94
    DIV     shift, and go to state 95
    EQ      shift, and go to state 96
    GE      shift, and go to state 97
    GT      shift, and go to state 98
    LBRACE  shift, and go to state 112
    LE      shift, and go to state 99
    LT      shift, and go to state 100
    MINUS   shift, and go to state 101
    MOD     shift, and go to state 102
    NE      shift, and go to state 103
    OR      shift, and go to state 104
    PLUS    shift, and go to state 105


state 82

   46 Statement: PRINT LPAR . StatementExprSTRLIT RPAR

    LPAR     shift, and go to state 68
    MINUS    shift, and go to state 69
    NOT      shift, and go to state 70
    PLUS     shift, and go to state 71
    INTLIT   shift, and go to state 72
    REALLIT  shift, and go to state 73
    STRLIT   shift, and go to state 113
    ID       shift, and go to state 13

    StatementExprSTRLIT  go to state 114
    FuncInvocation       go to state 74
    IdAux                go to state 75
    Expr                 go to state 115


state 83

   27 VarsAndStatements: VarsAndStatements VarDeclaration SEMICOLON .

    $default  reduce using rule 27 (VarsAndStatements)


state 84

   28 VarsAndStatements: VarsAndStatements Statement SEMICOLON .

    $default  reduce using rule 28 (VarsAndStatements)


state 85

   30 Statement: IdAux ASSIGN . Expr

    LPAR     shift, and go to state 68
    MINUS    shift, and go to state 69
    NOT      shift, and go to state 70
    PLUS     shift, and go to state 71
    INTLIT   shift, and go to state 72
    REALLIT  shift, and go to state 73
    ID       shift, and go to state 13

    FuncInvocation  go to state 74
    IdAux           go to state 75
    Expr            go to state 116


state 86

   52 ParseArgs: IdAux COMMA . BLANKID ASSIGN PARSEINT LPAR CMDARGS LSQ Expr RSQ RPAR
   53          | IdAux COMMA . BLANKID ASSIGN PARSEINT LPAR error RPAR

    BLANKID  shift, and go to state 117


state 87

   54 FuncInvocation: IdAux LPAR . error RPAR
   55               | IdAux LPAR . RPAR
   56               | IdAux LPAR . Expr RPAR
   57               | IdAux LPAR . Expr FuncInvocationAux RPAR

    error    shift, and go to state 118
    LPAR     shift, and go to state 68
    MINUS    shift, and go to state 69
    NOT      shift, and go to state 70
    PLUS     shift, and go to state 71
    RPAR     shift, and go to state 119
    INTLIT   shift, and go to state 72
    REALLIT  shift, and go to state 73
    ID       shift, and go to state 13

    FuncInvocation  go to state 74
    IdAux           go to state 75
    Expr            go to state 120


state 88

   82 Expr: LPAR error . RPAR

    RPAR  shift, and go to state 121


state 89

   65 Expr: LPAR Expr . RPAR
   69     | Expr . OR Expr
   70     | Expr . AND Expr
   71     | Expr . LT Expr
   72     | Expr . GT Expr
   73     | Expr . EQ Expr
   74     | Expr . NE Expr
   75     | Expr . LE Expr
   76     | Expr . GE Expr
   77     | Expr . PLUS Expr
   78     | Expr . MINUS Expr
   79     | Expr . STAR Expr
   80     | Expr . DIV Expr
   81     | Expr . MOD Expr

    AND    shift, and go to state 93
    STAR   shift, and go to state 94
    DIV    shift, and go to state 95
    EQ     shift, and go to state 96
    GE     shift, and go to state 97
    GT     shift, and go to state 98
    LE     shift, and go to state 99
    LT     shift, and go to state 100
    MINUS  shift, and go to state 101
    MOD    shift, and go to state 102
    NE     shift, and go to state 103
    OR     shift, and go to state 104
    PLUS   shift, and go to state 105
    RPAR   shift, and go to state 122


state 90

   67 Expr: MINUS Expr .
   69     | Expr . OR Expr
   70     | Expr . AND Expr
   71     | Expr . LT Expr
   72     | Expr . GT Expr
   73     | Expr . EQ Expr
   74     | Expr . NE Expr
   75     | Expr . LE Expr
   76     | Expr . GE Expr
   77     | Expr . PLUS Expr
   78     | Expr . MINUS Expr
   79     | Expr . STAR Expr
   80     | Expr . DIV Expr
   81     | Expr . MOD Expr

    STAR  shift, and go to state 94
    DIV   shift, and go to state 95
    MOD   shift, and go to state 102

    $default  reduce using rule 67 (Expr)


state 91

   66 Expr: NOT Expr .
   69     | Expr . OR Expr
   70     | Expr . AND Expr
   71     | Expr . LT Expr
   72     | Expr . GT Expr
   73     | Expr . EQ Expr
   74     | Expr . NE Expr
   75     | Expr . LE Expr
   76     | Expr . GE Expr
   77     | Expr . PLUS Expr
   78     | Expr . MINUS Expr
   79     | Expr . STAR Expr
   80     | Expr . DIV Expr
   81     | Expr . MOD Expr

    $default  reduce using rule 66 (Expr)


state 92

   68 Expr: PLUS Expr .
   69     | Expr . OR Expr
   70     | Expr . AND Expr
   71     | Expr . LT Expr
   72     | Expr . GT Expr
   73     | Expr . EQ Expr
   74     | Expr . NE Expr
   75     | Expr . LE Expr
   76     | Expr . GE Expr
   77     | Expr . PLUS Expr
   78     | Expr . MINUS Expr
   79     | Expr . STAR Expr
   80     | Expr . DIV Expr
   81     | Expr . MOD Expr

    STAR  shift, and go to state 94
    DIV   shift, and go to state 95
    MOD   shift, and go to state 102

    $default  reduce using rule 68 (Expr)


state 93

   70 Expr: Expr AND . Expr

    LPAR     shift, and go to state 68
    MINUS    shift, and go to state 69
    NOT      shift, and go to state 70
    PLUS     shift, and go to state 71
    INTLIT   shift, and go to state 72
    REALLIT  shift, and go to state 73
    ID       shift, and go to state 13

    FuncInvocation  go to state 74
    IdAux           go to state 75
    Expr            go to state 123


state 94

   79 Expr: Expr STAR . Expr

    LPAR     shift, and go to state 68
    MINUS    shift, and go to state 69
    NOT      shift, and go to state 70
    PLUS     shift, and go to state 71
    INTLIT   shift, and go to state 72
    REALLIT  shift, and go to state 73
    ID       shift, and go to state 13

    FuncInvocation  go to state 74
    IdAux           go to state 75
    Expr            go to state 124


state 95

   80 Expr: Expr DIV . Expr

    LPAR     shift, and go to state 68
    MINUS    shift, and go to state 69
    NOT      shift, and go to state 70
    PLUS     shift, and go to state 71
    INTLIT   shift, and go to state 72
    REALLIT  shift, and go to state 73
    ID       shift, and go to state 13

    FuncInvocation  go to state 74
    IdAux           go to state 75
    Expr            go to state 125


state 96

   73 Expr: Expr EQ . Expr

    LPAR     shift, and go to state 68
    MINUS    shift, and go to state 69
    NOT      shift, and go to state 70
    PLUS     shift, and go to state 71
    INTLIT   shift, and go to state 72
    REALLIT  shift, and go to state 73
    ID       shift, and go to state 13

    FuncInvocation  go to state 74
    IdAux           go to state 75
    Expr            go to state 126


state 97

   76 Expr: Expr GE . Expr

    LPAR     shift, and go to state 68
    MINUS    shift, and go to state 69
    NOT      shift, and go to state 70
    PLUS     shift, and go to state 71
    INTLIT   shift, and go to state 72
    REALLIT  shift, and go to state 73
    ID       shift, and go to state 13

    FuncInvocation  go to state 74
    IdAux           go to state 75
    Expr            go to state 127


state 98

   72 Expr: Expr GT . Expr

    LPAR     shift, and go to state 68
    MINUS    shift, and go to state 69
    NOT      shift, and go to state 70
    PLUS     shift, and go to state 71
    INTLIT   shift, and go to state 72
    REALLIT  shift, and go to state 73
    ID       shift, and go to state 13

    FuncInvocation  go to state 74
    IdAux           go to state 75
    Expr            go to state 128


state 99

   75 Expr: Expr LE . Expr

    LPAR     shift, and go to state 68
    MINUS    shift, and go to state 69
    NOT      shift, and go to state 70
    PLUS     shift, and go to state 71
    INTLIT   shift, and go to state 72
    REALLIT  shift, and go to state 73
    ID       shift, and go to state 13

    FuncInvocation  go to state 74
    IdAux           go to state 75
    Expr            go to state 129


state 100

   71 Expr: Expr LT . Expr

    LPAR     shift, and go to state 68
    MINUS    shift, and go to state 69
    NOT      shift, and go to state 70
    PLUS     shift, and go to state 71
    INTLIT   shift, and go to state 72
    REALLIT  shift, and go to state 73
    ID       shift, and go to state 13

    FuncInvocation  go to state 74
    IdAux           go to state 75
    Expr            go to state 130


state 101

   78 Expr: Expr MINUS . Expr

    LPAR     shift, and go to state 68
    MINUS    shift, and go to state 69
    NOT      shift, and go to state 70
    PLUS     shift, and go to state 71
    INTLIT   shift, and go to state 72
    REALLIT  shift, and go to state 73
    ID       shift, and go to state 13

    FuncInvocation  go to state 74
    IdAux           go to state 75
    Expr            go to state 131


state 102

   81 Expr: Expr MOD . Expr

    LPAR     shift, and go to state 68
    MINUS    shift, and go to state 69
    NOT      shift, and go to state 70
    PLUS     shift, and go to state 71
    INTLIT   shift, and go to state 72
    REALLIT  shift, and go to state 73
    ID       shift, and go to state 13

    FuncInvocation  go to state 74
    IdAux           go to state 75
    Expr            go to state 132


state 103

   74 Expr: Expr NE . Expr

    LPAR     shift, and go to state 68
    MINUS    shift, and go to state 69
    NOT      shift, and go to state 70
    PLUS     shift, and go to state 71
    INTLIT   shift, and go to state 72
    REALLIT  shift, and go to state 73
    ID       shift, and go to state 13

    FuncInvocation  go to state 74
    IdAux           go to state 75
    Expr            go to state 133


state 104

   69 Expr: Expr OR . Expr

    LPAR     shift, and go to state 68
    MINUS    shift, and go to state 69
    NOT      shift, and go to state 70
    PLUS     shift, and go to state 71
    INTLIT   shift, and go to state 72
    REALLIT  shift, and go to state 73
    ID       shift, and go to state 13

    FuncInvocation  go to state 74
    IdAux           go to state 75
    Expr            go to state 134


state 105

   77 Expr: Expr PLUS . Expr

    LPAR     shift, and go to state 68
    MINUS    shift, and go to state 69
    NOT      shift, and go to state 70
    PLUS     shift, and go to state 71
    INTLIT   shift, and go to state 72
    REALLIT  shift, and go to state 73
    ID       shift, and go to state 13

    FuncInvocation  go to state 74
    IdAux           go to state 75
    Expr            go to state 135


state 106

   49 StatementSEMICOLON: Statement SEMICOLON .

    $default  reduce using rule 49 (StatementSEMICOLON)


state 107

   31 Statement: LBRACE StatementSEMICOLON RBRACE .

    $default  reduce using rule 31 (Statement)


state 108

   48 StatementSEMICOLON: StatementSEMICOLON Statement . SEMICOLON

    SEMICOLON  shift, and go to state 136


state 109

   38 Statement: FOR LBRACE RBRACE .

    $default  reduce using rule 38 (Statement)


state 110

   41 Statement: FOR LBRACE StatementSEMICOLON . RBRACE
   48 StatementSEMICOLON: StatementSEMICOLON . Statement SEMICOLON

    error   shift, and go to state 53
    RETURN  shift, and go to state 55
    LBRACE  shift, and go to state 56
    RBRACE  shift, and go to state 137
    FOR     shift, and go to state 58
    IF      shift, and go to state 59
    PRINT   shift, and go to state 60
    ID      shift, and go to state 13

    Statement       go to state 108
    ParseArgs       go to state 63
    FuncInvocation  go to state 64
    IdAux           go to state 65


state 111

   39 Statement: FOR Expr LBRACE . RBRACE
   40          | FOR Expr LBRACE . StatementSEMICOLON RBRACE

    error   shift, and go to state 53
    RETURN  shift, and go to state 55
    LBRACE  shift, and go to state 56
    RBRACE  shift, and go to state 138
    FOR     shift, and go to state 58
    IF      shift, and go to state 59
    PRINT   shift, and go to state 60
    ID      shift, and go to state 13

    Statement           go to state 77
    StatementSEMICOLON  go to state 139
    ParseArgs           go to state 63
    FuncInvocation      go to state 64
    IdAux               go to state 65


state 112

   32 Statement: IF Expr LBRACE . RBRACE
   33          | IF Expr LBRACE . StatementSEMICOLON RBRACE
   34          | IF Expr LBRACE . RBRACE ELSE LBRACE RBRACE
   35          | IF Expr LBRACE . RBRACE ELSE LBRACE StatementSEMICOLON RBRACE
   36          | IF Expr LBRACE . StatementSEMICOLON RBRACE ELSE LBRACE RBRACE
   37          | IF Expr LBRACE . StatementSEMICOLON RBRACE ELSE LBRACE StatementSEMICOLON RBRACE

    error   shift, and go to state 53
    RETURN  shift, and go to state 55
    LBRACE  shift, and go to state 56
    RBRACE  shift, and go to state 140
    FOR     shift, and go to state 58
    IF      shift, and go to state 59
    PRINT   shift, and go to state 60
    ID      shift, and go to state 13

    Statement           go to state 77
    StatementSEMICOLON  go to state 141
    ParseArgs           go to state 63
    FuncInvocation      go to state 64
    IdAux               go to state 65


state 113

   51 StatementExprSTRLIT: STRLIT .

    $default  reduce using rule 51 (StatementExprSTRLIT)


state 114

   46 Statement: PRINT LPAR StatementExprSTRLIT . RPAR

    RPAR  shift, and go to state 142


state 115

   50 StatementExprSTRLIT: Expr .
   69 Expr: Expr . OR Expr
   70     | Expr . AND Expr
   71     | Expr . LT Expr
   72     | Expr . GT Expr
   73     | Expr . EQ Expr
   74     | Expr . NE Expr
   75     | Expr . LE Expr
   76     | Expr . GE Expr
   77     | Expr . PLUS Expr
   78     | Expr . MINUS Expr
   79     | Expr . STAR Expr
   80     | Expr . DIV Expr
   81     | Expr . MOD Expr

    AND    shift, and go to state 93
    STAR   shift, and go to state 94
    DIV    shift, and go to state 95
    EQ     shift, and go to state 96
    GE     shift, and go to state 97
    GT     shift, and go to state 98
    LE     shift, and go to state 99
    LT     shift, and go to state 100
    MINUS  shift, and go to state 101
    MOD    shift, and go to state 102
    NE     shift, and go to state 103
    OR     shift, and go to state 104
    PLUS   shift, and go to state 105

    $default  reduce using rule 50 (StatementExprSTRLIT)


state 116

   30 Statement: IdAux ASSIGN Expr .
   69 Expr: Expr . OR Expr
   70     | Expr . AND Expr
   71     | Expr . LT Expr
   72     | Expr . GT Expr
   73     | Expr . EQ Expr
   74     | Expr . NE Expr
   75     | Expr . LE Expr
   76     | Expr . GE Expr
   77     | Expr . PLUS Expr
   78     | Expr . MINUS Expr
   79     | Expr . STAR Expr
   80     | Expr . DIV Expr
   81     | Expr . MOD Expr

    AND    shift, and go to state 93
    STAR   shift, and go to state 94
    DIV    shift, and go to state 95
    EQ     shift, and go to state 96
    GE     shift, and go to state 97
    GT     shift, and go to state 98
    LE     shift, and go to state 99
    LT     shift, and go to state 100
    MINUS  shift, and go to state 101
    MOD    shift, and go to state 102
    NE     shift, and go to state 103
    OR     shift, and go to state 104
    PLUS   shift, and go to state 105

    $default  reduce using rule 30 (Statement)


state 117

   52 ParseArgs: IdAux COMMA BLANKID . ASSIGN PARSEINT LPAR CMDARGS LSQ Expr RSQ RPAR
   53          | IdAux COMMA BLANKID . ASSIGN PARSEINT LPAR error RPAR

    ASSIGN  shift, and go to state 143


state 118

   54 FuncInvocation: IdAux LPAR error . RPAR

    RPAR  shift, and go to state 144


state 119

   55 FuncInvocation: IdAux LPAR RPAR .

    $default  reduce using rule 55 (FuncInvocation)


state 120

   56 FuncInvocation: IdAux LPAR Expr . RPAR
   57               | IdAux LPAR Expr . FuncInvocationAux RPAR
   69 Expr: Expr . OR Expr
   70     | Expr . AND Expr
   71     | Expr . LT Expr
   72     | Expr . GT Expr
   73     | Expr . EQ Expr
   74     | Expr . NE Expr
   75     | Expr . LE Expr
   76     | Expr . GE Expr
   77     | Expr . PLUS Expr
   78     | Expr . MINUS Expr
   79     | Expr . STAR Expr
   80     | Expr . DIV Expr
   81     | Expr . MOD Expr

    AND    shift, and go to state 93
    STAR   shift, and go to state 94
    COMMA  shift, and go to state 145
    DIV    shift, and go to state 95
    EQ     shift, and go to state 96
    GE     shift, and go to state 97
    GT     shift, and go to state 98
    LE     shift, and go to state 99
    LT     shift, and go to state 100
    MINUS  shift, and go to state 101
    MOD    shift, and go to state 102
    NE     shift, and go to state 103
    OR     shift, and go to state 104
    PLUS   shift, and go to state 105
    RPAR   shift, and go to state 146

    FuncInvocationAux  go to state 147


state 121

   82 Expr: LPAR error RPAR .

    $default  reduce using rule 82 (Expr)


state 122

   65 Expr: LPAR Expr RPAR .

    $default  reduce using rule 65 (Expr)


state 123

   69 Expr: Expr . OR Expr
   70     | Expr . AND Expr
   70     | Expr AND Expr .
   71     | Expr . LT Expr
   72     | Expr . GT Expr
   73     | Expr . EQ Expr
   74     | Expr . NE Expr
   75     | Expr . LE Expr
   76     | Expr . GE Expr
   77     | Expr . PLUS Expr
   78     | Expr . MINUS Expr
   79     | Expr . STAR Expr
   80     | Expr . DIV Expr
   81     | Expr . MOD Expr

    STAR   shift, and go to state 94
    DIV    shift, and go to state 95
    EQ     shift, and go to state 96
    GE     shift, and go to state 97
    GT     shift, and go to state 98
    LE     shift, and go to state 99
    LT     shift, and go to state 100
    MINUS  shift, and go to state 101
    MOD    shift, and go to state 102
    NE     shift, and go to state 103
    PLUS   shift, and go to state 105

    $default  reduce using rule 70 (Expr)


state 124

   69 Expr: Expr . OR Expr
   70     | Expr . AND Expr
   71     | Expr . LT Expr
   72     | Expr . GT Expr
   73     | Expr . EQ Expr
   74     | Expr . NE Expr
   75     | Expr . LE Expr
   76     | Expr . GE Expr
   77     | Expr . PLUS Expr
   78     | Expr . MINUS Expr
   79     | Expr . STAR Expr
   79     | Expr STAR Expr .
   80     | Expr . DIV Expr
   81     | Expr . MOD Expr

    $default  reduce using rule 79 (Expr)


state 125

   69 Expr: Expr . OR Expr
   70     | Expr . AND Expr
   71     | Expr . LT Expr
   72     | Expr . GT Expr
   73     | Expr . EQ Expr
   74     | Expr . NE Expr
   75     | Expr . LE Expr
   76     | Expr . GE Expr
   77     | Expr . PLUS Expr
   78     | Expr . MINUS Expr
   79     | Expr . STAR Expr
   80     | Expr . DIV Expr
   80     | Expr DIV Expr .
   81     | Expr . MOD Expr

    $default  reduce using rule 80 (Expr)


state 126

   69 Expr: Expr . OR Expr
   70     | Expr . AND Expr
   71     | Expr . LT Expr
   72     | Expr . GT Expr
   73     | Expr . EQ Expr
   73     | Expr EQ Expr .
   74     | Expr . NE Expr
   75     | Expr . LE Expr
   76     | Expr . GE Expr
   77     | Expr . PLUS Expr
   78     | Expr . MINUS Expr
   79     | Expr . STAR Expr
   80     | Expr . DIV Expr
   81     | Expr . MOD Expr

    STAR   shift, and go to state 94
    DIV    shift, and go to state 95
    GE     shift, and go to state 97
    GT     shift, and go to state 98
    LE     shift, and go to state 99
    LT     shift, and go to state 100
    MINUS  shift, and go to state 101
    MOD    shift, and go to state 102
    PLUS   shift, and go to state 105

    $default  reduce using rule 73 (Expr)


state 127

   69 Expr: Expr . OR Expr
   70     | Expr . AND Expr
   71     | Expr . LT Expr
   72     | Expr . GT Expr
   73     | Expr . EQ Expr
   74     | Expr . NE Expr
   75     | Expr . LE Expr
   76     | Expr . GE Expr
   76     | Expr GE Expr .
   77     | Expr . PLUS Expr
   78     | Expr . MINUS Expr
   79     | Expr . STAR Expr
   80     | Expr . DIV Expr
   81     | Expr . MOD Expr

    STAR   shift, and go to state 94
    DIV    shift, and go to state 95
    MINUS  shift, and go to state 101
    MOD    shift, and go to state 102
    PLUS   shift, and go to state 105

    $default  reduce using rule 76 (Expr)


state 128

   69 Expr: Expr . OR Expr
   70     | Expr . AND Expr
   71     | Expr . LT Expr
   72     | Expr . GT Expr
   72     | Expr GT Expr .
   73     | Expr . EQ Expr
   74     | Expr . NE Expr
   75     | Expr . LE Expr
   76     | Expr . GE Expr
   77     | Expr . PLUS Expr
   78     | Expr . MINUS Expr
   79     | Expr . STAR Expr
   80     | Expr . DIV Expr
   81     | Expr . MOD Expr

    STAR   shift, and go to state 94
    DIV    shift, and go to state 95
    MINUS  shift, and go to state 101
    MOD    shift, and go to state 102
    PLUS   shift, and go to state 105

    $default  reduce using rule 72 (Expr)


state 129

   69 Expr: Expr . OR Expr
   70     | Expr . AND Expr
   71     | Expr . LT Expr
   72     | Expr . GT Expr
   73     | Expr . EQ Expr
   74     | Expr . NE Expr
   75     | Expr . LE Expr
   75     | Expr LE Expr .
   76     | Expr . GE Expr
   77     | Expr . PLUS Expr
   78     | Expr . MINUS Expr
   79     | Expr . STAR Expr
   80     | Expr . DIV Expr
   81     | Expr . MOD Expr

    STAR   shift, and go to state 94
    DIV    shift, and go to state 95
    MINUS  shift, and go to state 101
    MOD    shift, and go to state 102
    PLUS   shift, and go to state 105

    $default  reduce using rule 75 (Expr)


state 130

   69 Expr: Expr . OR Expr
   70     | Expr . AND Expr
   71     | Expr . LT Expr
   71     | Expr LT Expr .
   72     | Expr . GT Expr
   73     | Expr . EQ Expr
   74     | Expr . NE Expr
   75     | Expr . LE Expr
   76     | Expr . GE Expr
   77     | Expr . PLUS Expr
   78     | Expr . MINUS Expr
   79     | Expr . STAR Expr
   80     | Expr . DIV Expr
   81     | Expr . MOD Expr

    STAR   shift, and go to state 94
    DIV    shift, and go to state 95
    MINUS  shift, and go to state 101
    MOD    shift, and go to state 102
    PLUS   shift, and go to state 105

    $default  reduce using rule 71 (Expr)


state 131

   69 Expr: Expr . OR Expr
   70     | Expr . AND Expr
   71     | Expr . LT Expr
   72     | Expr . GT Expr
   73     | Expr . EQ Expr
   74     | Expr . NE Expr
   75     | Expr . LE Expr
   76     | Expr . GE Expr
   77     | Expr . PLUS Expr
   78     | Expr . MINUS Expr
   78     | Expr MINUS Expr .
   79     | Expr . STAR Expr
   80     | Expr . DIV Expr
   81     | Expr . MOD Expr

    STAR  shift, and go to state 94
    DIV   shift, and go to state 95
    MOD   shift, and go to state 102

    $default  reduce using rule 78 (Expr)


state 132

   69 Expr: Expr . OR Expr
   70     | Expr . AND Expr
   71     | Expr . LT Expr
   72     | Expr . GT Expr
   73     | Expr . EQ Expr
   74     | Expr . NE Expr
   75     | Expr . LE Expr
   76     | Expr . GE Expr
   77     | Expr . PLUS Expr
   78     | Expr . MINUS Expr
   79     | Expr . STAR Expr
   80     | Expr . DIV Expr
   81     | Expr . MOD Expr
   81     | Expr MOD Expr .

    $default  reduce using rule 81 (Expr)


state 133

   69 Expr: Expr . OR Expr
   70     | Expr . AND Expr
   71     | Expr . LT Expr
   72     | Expr . GT Expr
   73     | Expr . EQ Expr
   74     | Expr . NE Expr
   74     | Expr NE Expr .
   75     | Expr . LE Expr
   76     | Expr . GE Expr
   77     | Expr . PLUS Expr
   78     | Expr . MINUS Expr
   79     | Expr . STAR Expr
   80     | Expr . DIV Expr
   81     | Expr . MOD Expr

    STAR   shift, and go to state 94
    DIV    shift, and go to state 95
    GE     shift, and go to state 97
    GT     shift, and go to state 98
    LE     shift, and go to state 99
    LT     shift, and go to state 100
    MINUS  shift, and go to state 101
    MOD    shift, and go to state 102
    PLUS   shift, and go to state 105

    $default  reduce using rule 74 (Expr)


state 134

   69 Expr: Expr . OR Expr
   69     | Expr OR Expr .
   70     | Expr . AND Expr
   71     | Expr . LT Expr
   72     | Expr . GT Expr
   73     | Expr . EQ Expr
   74     | Expr . NE Expr
   75     | Expr . LE Expr
   76     | Expr . GE Expr
   77     | Expr . PLUS Expr
   78     | Expr . MINUS Expr
   79     | Expr . STAR Expr
   80     | Expr . DIV Expr
   81     | Expr . MOD Expr

    AND    shift, and go to state 93
    STAR   shift, and go to state 94
    DIV    shift, and go to state 95
    EQ     shift, and go to state 96
    GE     shift, and go to state 97
    GT     shift, and go to state 98
    LE     shift, and go to state 99
    LT     shift, and go to state 100
    MINUS  shift, and go to state 101
    MOD    shift, and go to state 102
    NE     shift, and go to state 103
    PLUS   shift, and go to state 105

    $default  reduce using rule 69 (Expr)


state 135

   69 Expr: Expr . OR Expr
   70     | Expr . AND Expr
   71     | Expr . LT Expr
   72     | Expr . GT Expr
   73     | Expr . EQ Expr
   74     | Expr . NE Expr
   75     | Expr . LE Expr
   76     | Expr . GE Expr
   77     | Expr . PLUS Expr
   77     | Expr PLUS Expr .
   78     | Expr . MINUS Expr
   79     | Expr . STAR Expr
   80     | Expr . DIV Expr
   81     | Expr . MOD Expr

    STAR  shift, and go to state 94
    DIV   shift, and go to state 95
    MOD   shift, and go to state 102

    $default  reduce using rule 77 (Expr)


state 136

   48 StatementSEMICOLON: StatementSEMICOLON Statement SEMICOLON .

    $default  reduce using rule 48 (StatementSEMICOLON)


state 137

   41 Statement: FOR LBRACE StatementSEMICOLON RBRACE .

    $default  reduce using rule 41 (Statement)


state 138

   39 Statement: FOR Expr LBRACE RBRACE .

    $default  reduce using rule 39 (Statement)


state 139

   40 Statement: FOR Expr LBRACE StatementSEMICOLON . RBRACE
   48 StatementSEMICOLON: StatementSEMICOLON . Statement SEMICOLON

    error   shift, and go to state 53
    RETURN  shift, and go to state 55
    LBRACE  shift, and go to state 56
    RBRACE  shift, and go to state 148
    FOR     shift, and go to state 58
    IF      shift, and go to state 59
    PRINT   shift, and go to state 60
    ID      shift, and go to state 13

    Statement       go to state 108
    ParseArgs       go to state 63
    FuncInvocation  go to state 64
    IdAux           go to state 65


state 140

   32 Statement: IF Expr LBRACE RBRACE .
   34          | IF Expr LBRACE RBRACE . ELSE LBRACE RBRACE
   35          | IF Expr LBRACE RBRACE . ELSE LBRACE StatementSEMICOLON RBRACE

    ELSE  shift, and go to state 149

    $default  reduce using rule 32 (Statement)


state 141

   33 Statement: IF Expr LBRACE StatementSEMICOLON . RBRACE
   36          | IF Expr LBRACE StatementSEMICOLON . RBRACE ELSE LBRACE RBRACE
   37          | IF Expr LBRACE StatementSEMICOLON . RBRACE ELSE LBRACE StatementSEMICOLON RBRACE
   48 StatementSEMICOLON: StatementSEMICOLON . Statement SEMICOLON

    error   shift, and go to state 53
    RETURN  shift, and go to state 55
    LBRACE  shift, and go to state 56
    RBRACE  shift, and go to state 150
    FOR     shift, and go to state 58
    IF      shift, and go to state 59
    PRINT   shift, and go to state 60
    ID      shift, and go to state 13

    Statement       go to state 108
    ParseArgs       go to state 63
    FuncInvocation  go to state 64
    IdAux           go to state 65


state 142

   46 Statement: PRINT LPAR StatementExprSTRLIT RPAR .

    $default  reduce using rule 46 (Statement)


state 143

   52 ParseArgs: IdAux COMMA BLANKID ASSIGN . PARSEINT LPAR CMDARGS LSQ Expr RSQ RPAR
   53          | IdAux COMMA BLANKID ASSIGN . PARSEINT LPAR error RPAR

    PARSEINT  shift, and go to state 151


state 144

   54 FuncInvocation: IdAux LPAR error RPAR .

    $default  reduce using rule 54 (FuncInvocation)


state 145

   59 FuncInvocationAux: COMMA . Expr

    LPAR     shift, and go to state 68
    MINUS    shift, and go to state 69
    NOT      shift, and go to state 70
    PLUS     shift, and go to state 71
    INTLIT   shift, and go to state 72
    REALLIT  shift, and go to state 73
    ID       shift, and go to state 13

    FuncInvocation  go to state 74
    IdAux           go to state 75
    Expr            go to state 152


state 146

   56 FuncInvocation: IdAux LPAR Expr RPAR .

    $default  reduce using rule 56 (FuncInvocation)


state 147

   57 FuncInvocation: IdAux LPAR Expr FuncInvocationAux . RPAR
   58 FuncInvocationAux: FuncInvocationAux . COMMA Expr

    COMMA  shift, and go to state 153
    RPAR   shift, and go to state 154


state 148

   40 Statement: FOR Expr LBRACE StatementSEMICOLON RBRACE .

    $default  reduce using rule 40 (Statement)


state 149

   34 Statement: IF Expr LBRACE RBRACE ELSE . LBRACE RBRACE
   35          | IF Expr LBRACE RBRACE ELSE . LBRACE StatementSEMICOLON RBRACE

    LBRACE  shift, and go to state 155


state 150

   33 Statement: IF Expr LBRACE StatementSEMICOLON RBRACE .
   36          | IF Expr LBRACE StatementSEMICOLON RBRACE . ELSE LBRACE RBRACE
   37          | IF Expr LBRACE StatementSEMICOLON RBRACE . ELSE LBRACE StatementSEMICOLON RBRACE

    ELSE  shift, and go to state 156

    $default  reduce using rule 33 (Statement)


state 151

   52 ParseArgs: IdAux COMMA BLANKID ASSIGN PARSEINT . LPAR CMDARGS LSQ Expr RSQ RPAR
   53          | IdAux COMMA BLANKID ASSIGN PARSEINT . LPAR error RPAR

    LPAR  shift, and go to state 157


state 152

   59 FuncInvocationAux: COMMA Expr .
   69 Expr: Expr . OR Expr
   70     | Expr . AND Expr
   71     | Expr . LT Expr
   72     | Expr . GT Expr
   73     | Expr . EQ Expr
   74     | Expr . NE Expr
   75     | Expr . LE Expr
   76     | Expr . GE Expr
   77     | Expr . PLUS Expr
   78     | Expr . MINUS Expr
   79     | Expr . STAR Expr
   80     | Expr . DIV Expr
   81     | Expr . MOD Expr

    AND    shift, and go to state 93
    STAR   shift, and go to state 94
    DIV    shift, and go to state 95
    EQ     shift, and go to state 96
    GE     shift, and go to state 97
    GT     shift, and go to state 98
    LE     shift, and go to state 99
    LT     shift, and go to state 100
    MINUS  shift, and go to state 101
    MOD    shift, and go to state 102
    NE     shift, and go to state 103
    OR     shift, and go to state 104
    PLUS   shift, and go to state 105

    $default  reduce using rule 59 (FuncInvocationAux)


state 153

   58 FuncInvocationAux: FuncInvocationAux COMMA . Expr

    LPAR     shift, and go to state 68
    MINUS    shift, and go to state 69
    NOT      shift, and go to state 70
    PLUS     shift, and go to state 71
    INTLIT   shift, and go to state 72
    REALLIT  shift, and go to state 73
    ID       shift, and go to state 13

    FuncInvocation  go to state 74
    IdAux           go to state 75
    Expr            go to state 158


state 154

   57 FuncInvocation: IdAux LPAR Expr FuncInvocationAux RPAR .

    $default  reduce using rule 57 (FuncInvocation)


state 155

   34 Statement: IF Expr LBRACE RBRACE ELSE LBRACE . RBRACE
   35          | IF Expr LBRACE RBRACE ELSE LBRACE . StatementSEMICOLON RBRACE

    error   shift, and go to state 53
    RETURN  shift, and go to state 55
    LBRACE  shift, and go to state 56
    RBRACE  shift, and go to state 159
    FOR     shift, and go to state 58
    IF      shift, and go to state 59
    PRINT   shift, and go to state 60
    ID      shift, and go to state 13

    Statement           go to state 77
    StatementSEMICOLON  go to state 160
    ParseArgs           go to state 63
    FuncInvocation      go to state 64
    IdAux               go to state 65


state 156

   36 Statement: IF Expr LBRACE StatementSEMICOLON RBRACE ELSE . LBRACE RBRACE
   37          | IF Expr LBRACE StatementSEMICOLON RBRACE ELSE . LBRACE StatementSEMICOLON RBRACE

    LBRACE  shift, and go to state 161


state 157

   52 ParseArgs: IdAux COMMA BLANKID ASSIGN PARSEINT LPAR . CMDARGS LSQ Expr RSQ RPAR
   53          | IdAux COMMA BLANKID ASSIGN PARSEINT LPAR . error RPAR

    error    shift, and go to state 162
    CMDARGS  shift, and go to state 163


state 158

   58 FuncInvocationAux: FuncInvocationAux COMMA Expr .
   69 Expr: Expr . OR Expr
   70     | Expr . AND Expr
   71     | Expr . LT Expr
   72     | Expr . GT Expr
   73     | Expr . EQ Expr
   74     | Expr . NE Expr
   75     | Expr . LE Expr
   76     | Expr . GE Expr
   77     | Expr . PLUS Expr
   78     | Expr . MINUS Expr
   79     | Expr . STAR Expr
   80     | Expr . DIV Expr
   81     | Expr . MOD Expr

    AND    shift, and go to state 93
    STAR   shift, and go to state 94
    DIV    shift, and go to state 95
    EQ     shift, and go to state 96
    GE     shift, and go to state 97
    GT     shift, and go to state 98
    LE     shift, and go to state 99
    LT     shift, and go to state 100
    MINUS  shift, and go to state 101
    MOD    shift, and go to state 102
    NE     shift, and go to state 103
    OR     shift, and go to state 104
    PLUS   shift, and go to state 105

    $default  reduce using rule 58 (FuncInvocationAux)


state 159

   34 Statement: IF Expr LBRACE RBRACE ELSE LBRACE RBRACE .

    $default  reduce using rule 34 (Statement)


state 160

   35 Statement: IF Expr LBRACE RBRACE ELSE LBRACE StatementSEMICOLON . RBRACE
   48 StatementSEMICOLON: StatementSEMICOLON . Statement SEMICOLON

    error   shift, and go to state 53
    RETURN  shift, and go to state 55
    LBRACE  shift, and go to state 56
    RBRACE  shift, and go to state 164
    FOR     shift, and go to state 58
    IF      shift, and go to state 59
    PRINT   shift, and go to state 60
    ID      shift, and go to state 13

    Statement       go to state 108
    ParseArgs       go to state 63
    FuncInvocation  go to state 64
    IdAux           go to state 65


state 161

   36 Statement: IF Expr LBRACE StatementSEMICOLON RBRACE ELSE LBRACE . RBRACE
   37          | IF Expr LBRACE StatementSEMICOLON RBRACE ELSE LBRACE . StatementSEMICOLON RBRACE

    error   shift, and go to state 53
    RETURN  shift, and go to state 55
    LBRACE  shift, and go to state 56
    RBRACE  shift, and go to state 165
    FOR     shift, and go to state 58
    IF      shift, and go to state 59
    PRINT   shift, and go to state 60
    ID      shift, and go to state 13

    Statement           go to state 77
    StatementSEMICOLON  go to state 166
    ParseArgs           go to state 63
    FuncInvocation      go to state 64
    IdAux               go to state 65


state 162

   53 ParseArgs: IdAux COMMA BLANKID ASSIGN PARSEINT LPAR error . RPAR

    RPAR  shift, and go to state 167


state 163

   52 ParseArgs: IdAux COMMA BLANKID ASSIGN PARSEINT LPAR CMDARGS . LSQ Expr RSQ RPAR

    LSQ  shift, and go to state 168


state 164

   35 Statement: IF Expr LBRACE RBRACE ELSE LBRACE StatementSEMICOLON RBRACE .

    $default  reduce using rule 35 (Statement)


state 165

   36 Statement: IF Expr LBRACE StatementSEMICOLON RBRACE ELSE LBRACE RBRACE .

    $default  reduce using rule 36 (Statement)


state 166

   37 Statement: IF Expr LBRACE StatementSEMICOLON RBRACE ELSE LBRACE StatementSEMICOLON . RBRACE
   48 StatementSEMICOLON: StatementSEMICOLON . Statement SEMICOLON

    error   shift, and go to state 53
    RETURN  shift, and go to state 55
    LBRACE  shift, and go to state 56
    RBRACE  shift, and go to state 169
    FOR     shift, and go to state 58
    IF      shift, and go to state 59
    PRINT   shift, and go to state 60
    ID      shift, and go to state 13

    Statement       go to state 108
    ParseArgs       go to state 63
    FuncInvocation  go to state 64
    IdAux           go to state 65


state 167

   53 ParseArgs: IdAux COMMA BLANKID ASSIGN PARSEINT LPAR error RPAR .

    $default  reduce using rule 53 (ParseArgs)


state 168

   52 ParseArgs: IdAux COMMA BLANKID ASSIGN PARSEINT LPAR CMDARGS LSQ . Expr RSQ RPAR

    LPAR     shift, and go to state 68
    MINUS    shift, and go to state 69
    NOT      shift, and go to state 70
    PLUS     shift, and go to state 71
    INTLIT   shift, and go to state 72
    REALLIT  shift, and go to state 73
    ID       shift, and go to state 13

    FuncInvocation  go to state 74
    IdAux           go to state 75
    Expr            go to state 170


state 169

   37 Statement: IF Expr LBRACE StatementSEMICOLON RBRACE ELSE LBRACE StatementSEMICOLON RBRACE .

    $default  reduce using rule 37 (Statement)


state 170

   52 ParseArgs: IdAux COMMA BLANKID ASSIGN PARSEINT LPAR CMDARGS LSQ Expr . RSQ RPAR
   69 Expr: Expr . OR Expr
   70     | Expr . AND Expr
   71     | Expr . LT Expr
   72     | Expr . GT Expr
   73     | Expr . EQ Expr
   74     | Expr . NE Expr
   75     | Expr . LE Expr
   76     | Expr . GE Expr
   77     | Expr . PLUS Expr
   78     | Expr . MINUS Expr
   79     | Expr . STAR Expr
   80     | Expr . DIV Expr
   81     | Expr . MOD Expr

    AND    shift, and go to state 93
    STAR   shift, and go to state 94
    DIV    shift, and go to state 95
    EQ     shift, and go to state 96
    GE     shift, and go to state 97
    GT     shift, and go to state 98
    LE     shift, and go to state 99
    LT     shift, and go to state 100
    MINUS  shift, and go to state 101
    MOD    shift, and go to state 102
    NE     shift, and go to state 103
    OR     shift, and go to state 104
    PLUS   shift, and go to state 105
    RSQ    shift, and go to state 171


state 171

   52 ParseArgs: IdAux COMMA BLANKID ASSIGN PARSEINT LPAR CMDARGS LSQ Expr RSQ . RPAR

    RPAR  shift, and go to state 172


state 172

   52 ParseArgs: IdAux COMMA BLANKID ASSIGN PARSEINT LPAR CMDARGS LSQ Expr RSQ RPAR .

    $default  reduce using rule 52 (ParseArgs)
